生成启动时间为 2017/5/19 11:13:31。
     1>项目“C:\Users\Administrator\Desktop\FastServers\LibProject\FastNetLib\FastNetLib.vcxproj”在节点 2 上(Rebuild 个目标)。
     1>C:\Program Files (x86)\MSBuild\Microsoft.Cpp\v4.0\V120\Microsoft.CppBuild.targets(357,5): warning MSB8004: Output Directory does not end with a trailing slash.  This build instance will add the slash as it is required to allow proper evaluation of the Output Directory.
     1>ClCompile:
         C:\Program Files (x86)\Microsoft Visual Studio 12.0\VC\bin\x86_amd64\CL.exe /c /I../libevent/include /I./Include /I../libevent /I../LibBase/Include /Zi /nologo /W3 /WX- /Od /D WIN32 /D _DEBUG /D _LIB /D _MBCS /Gm /EHsc /RTC1 /MTd /GS /fp:precise /Zc:wchar_t /Zc:forScope /Fo"x64\Debug\\" /Fd"x64\Debug\vc120.pdb" /Gd /TP /errorReport:prompt Source\Client.cpp Source\ClientListMgr.cpp Source\ConnClient.cpp Source\FastNetClient.cpp Source\FastNetServer.cpp Source\MsgPack.cpp Source\Socket.cpp
         Socket.cpp
         MsgPack.cpp
         FastNetServer.cpp
         FastNetClient.cpp
     1>Source\FastNetClient.cpp(300): warning C4244: “=”: 从“const unsigned __int64”转换到“int”，可能丢失数据
     1>Source\FastNetClient.cpp(309): warning C4244: “=”: 从“fastbase::int64”转换到“int”，可能丢失数据
         ConnClient.cpp
         ClientListMgr.cpp
         Client.cpp
         正在生成代码...
       Lib:
         C:\Program Files (x86)\Microsoft Visual Studio 12.0\VC\bin\x86_amd64\Lib.exe /OUT:"..\lib\Debug64\FastNetLib.lib" /NOLOGO /MACHINE:X64 x64\Debug\Client.obj
         x64\Debug\ClientListMgr.obj
         x64\Debug\ConnClient.obj
         x64\Debug\FastNetClient.obj
         x64\Debug\FastNetServer.obj
         x64\Debug\MsgPack.obj
         x64\Debug\Socket.obj
         FastNetLib.vcxproj -> C:\Users\Administrator\Desktop\FastServers\LibProject\FastNetLib\..\lib\Debug64\FastNetLib.lib
     1>已完成生成项目“C:\Users\Administrator\Desktop\FastServers\LibProject\FastNetLib\FastNetLib.vcxproj”(Rebuild 个目标)的操作。

生成成功。

已用时间 00:00:16.31
